<?xml version="1.0" encoding="UTF-8"?>
<!-- Generated by org.testng.reporters.JUnitXMLReporter -->
<testsuite ignored="0" hostname="DESKTOP-0Q2F0AL" failures="0" tests="3" name="Test" time="33.5" errors="0" timestamp="2023-06-07T14:01:33 IST">
  <testcase classname="Test_Cases.Login_Test" name="Login_Flow" time="7.607"/>
  <testcase classname="Test_Cases.Login_Test" name="Login_Validation" time="0.001"/>
  <testcase classname="Test_Cases.Logout_Test" name="Logout_Validation" time="8.217"/>
</testsuite> <!-- Test -->
