<?xml version="1.0" encoding="UTF-8"?>
<testng-results ignored="0" total="3" passed="3" failed="0" skipped="0">
  <reporter-output>
  </reporter-output>
  <suite started-at="2023-05-29T14:23:11 IST" name="Suite" finished-at="2023-05-29T14:23:51 IST" duration-ms="40432">
    <groups>
    </groups>
    <test started-at="2023-05-29T14:23:11 IST" name="Test" finished-at="2023-05-29T14:23:51 IST" duration-ms="40432">
      <class name="Test_Cases.Logout_Test">
        <test-method is-config="true" signature="initDriver()[pri:0, instance:Test_Cases.Logout_Test@60bd273d]" started-at="2023-05-29T14:23:36 IST" name="initDriver" finished-at="2023-05-29T14:23:42 IST" duration-ms="5233" status="PASS">
          <reporter-output>
          </reporter-output>
        </test-method> <!-- initDriver -->
        <test-method signature="Logout_Validation(java.util.Map)[pri:0, instance:Test_Cases.Logout_Test@60bd273d]" started-at="2023-05-29T14:23:42 IST" name="Logout_Validation" data-provider="LoginData" finished-at="2023-05-29T14:23:51 IST" duration-ms="9398" status="PASS">
          <params>
            <param index="0">
              <value>
                <![CDATA[{Username=Akashsaha17051997@gmail.com, Password=Akash@debika}]]>
              </value>
            </param>
          </params>
          <reporter-output>
          </reporter-output>
        </test-method> <!-- Logout_Validation -->
        <test-method is-config="true" signature="closeDriver()[pri:0, instance:Test_Cases.Logout_Test@60bd273d]" started-at="2023-05-29T14:23:51 IST" name="closeDriver" finished-at="2023-05-29T14:23:51 IST" duration-ms="244" status="PASS">
          <reporter-output>
          </reporter-output>
        </test-method> <!-- closeDriver -->
      </class> <!-- Test_Cases.Logout_Test -->
      <class name="Test_Cases.Login_Test">
        <test-method is-config="true" signature="initDriver()[pri:0, instance:Test_Cases.Login_Test@f0da945]" started-at="2023-05-29T14:23:12 IST" name="initDriver" finished-at="2023-05-29T14:23:20 IST" duration-ms="8358" status="PASS">
          <reporter-output>
          </reporter-output>
        </test-method> <!-- initDriver -->
        <test-method signature="Login_Flow(java.util.Map)[pri:1, instance:Test_Cases.Login_Test@f0da945]" started-at="2023-05-29T14:23:20 IST" name="Login_Flow" data-provider="LoginData" finished-at="2023-05-29T14:23:31 IST" duration-ms="10761" status="PASS">
          <params>
            <param index="0">
              <value>
                <![CDATA[{Username=Akashsaha17051997@gmail.com, Password=Akash@debika}]]>
              </value>
            </param>
          </params>
          <reporter-output>
          </reporter-output>
        </test-method> <!-- Login_Flow -->
        <test-method is-config="true" signature="closeDriver()[pri:0, instance:Test_Cases.Login_Test@f0da945]" started-at="2023-05-29T14:23:31 IST" name="closeDriver" finished-at="2023-05-29T14:23:31 IST" duration-ms="196" status="PASS">
          <reporter-output>
          </reporter-output>
        </test-method> <!-- closeDriver -->
        <test-method is-config="true" signature="initDriver()[pri:0, instance:Test_Cases.Login_Test@f0da945]" started-at="2023-05-29T14:23:31 IST" name="initDriver" finished-at="2023-05-29T14:23:36 IST" duration-ms="5017" status="PASS">
          <reporter-output>
          </reporter-output>
        </test-method> <!-- initDriver -->
        <test-method signature="Login_Validation(java.util.Map)[pri:2, instance:Test_Cases.Login_Test@f0da945]" started-at="2023-05-29T14:23:36 IST" name="Login_Validation" data-provider="LoginData" finished-at="2023-05-29T14:23:36 IST" duration-ms="1" status="PASS">
          <params>
            <param index="0">
              <value>
                <![CDATA[{Username=Akashsaha17051997@gmail.com, Password=Akash@debika}]]>
              </value>
            </param>
          </params>
          <reporter-output>
          </reporter-output>
        </test-method> <!-- Login_Validation -->
        <test-method is-config="true" signature="closeDriver()[pri:0, instance:Test_Cases.Login_Test@f0da945]" started-at="2023-05-29T14:23:36 IST" name="closeDriver" finished-at="2023-05-29T14:23:36 IST" duration-ms="176" status="PASS">
          <reporter-output>
          </reporter-output>
        </test-method> <!-- closeDriver -->
      </class> <!-- Test_Cases.Login_Test -->
    </test> <!-- Test -->
  </suite> <!-- Suite -->
</testng-results>
